TN:
SF:src/account.ts
FN:3,getExistingAuthUserByEmail
FN:18,createAuthUserIfNotExists
FN:58,createAdminUser
FNF:3
FNH:3
FNDA:9,getExistingAuthUserByEmail
FNDA:6,createAuthUserIfNotExists
FNDA:2,createAdminUser
DA:1,1
DA:3,1
DA:4,9
DA:5,9
DA:6,9
DA:7,9
DA:8,9
DA:9,2
DA:10,9
DA:11,7
DA:12,1
DA:13,1
DA:14,7
DA:15,6
DA:16,6
DA:18,1
DA:19,6
DA:20,6
DA:21,6
DA:22,6
DA:23,6
DA:24,6
DA:26,6
DA:28,6
DA:29,1
DA:30,1
DA:31,1
DA:32,1
DA:34,1
DA:35,6
DA:37,5
DA:38,4
DA:39,1
DA:40,1
DA:43,5
DA:44,5
DA:45,5
DA:46,5
DA:47,5
DA:49,4
DA:50,4
DA:51,4
DA:52,4
DA:54,4
DA:55,4
DA:56,6
DA:58,1
DA:59,2
DA:60,2
DA:61,2
DA:62,2
DA:63,2
DA:64,2
DA:65,2
DA:66,2
DA:67,2
DA:68,2
DA:69,2
DA:70,2
DA:71,2
DA:72,2
DA:73,2
DA:75,1
DA:76,1
DA:77,1
DA:78,1
DA:79,1
DA:80,1
DA:81,1
DA:83,1
DA:84,1
DA:85,1
DA:86,1
DA:87,1
DA:88,1
DA:89,1
DA:90,2
LF:77
LH:77
BRDA:3,0,0,9
BRDA:8,1,0,2
BRDA:10,2,0,7
BRDA:11,3,0,1
BRDA:14,4,0,6
BRDA:18,5,0,6
BRDA:28,6,0,1
BRDA:35,7,0,5
BRDA:37,8,0,4
BRDA:38,9,0,1
BRDA:44,10,0,1
BRDA:47,11,0,4
BRDA:58,12,0,2
BRDA:73,13,0,1
BRF:14
BRH:14
end_of_record
TN:
SF:src/setup.ts
FN:4,setupData
FNF:1
FNH:1
FNDA:8,setupData
DA:1,1
DA:4,1
DA:5,8
DA:6,8
DA:7,8
DA:8,8
DA:9,8
DA:10,8
DA:11,8
DA:12,8
DA:13,1
DA:14,1
DA:15,1
DA:17,7
DA:18,8
DA:20,8
DA:21,8
DA:22,6
DA:23,6
DA:25,6
DA:26,2
DA:27,2
DA:28,2
DA:30,4
DA:31,4
DA:33,3
DA:34,6
DA:35,1
DA:36,1
DA:37,1
DA:40,3
DA:41,3
DA:42,3
DA:43,3
DA:44,3
DA:45,6
DA:46,1
DA:47,1
DA:48,1
DA:49,1
DA:50,8
DA:51,4
DA:52,8
DA:53,7
LF:44
LH:44
BRDA:4,0,0,8
BRDA:11,1,0,7
BRDA:12,2,0,1
BRDA:15,3,0,7
BRDA:18,4,0,6
BRDA:18,5,0,2
BRDA:21,6,0,6
BRDA:23,7,0,5
BRDA:25,8,0,2
BRDA:28,9,0,4
BRDA:31,10,0,3
BRDA:34,11,0,1
BRDA:37,12,0,3
BRDA:44,13,0,2
BRDA:45,14,0,1
BRDA:50,15,0,4
BRDA:52,16,0,7
BRF:17
BRH:17
end_of_record
