TN:
SF:src/account.ts
FN:1,getExistingAuthUserByEmail
FN:16,createAuthUserIfNotExists
FN:56,createAdminUser
FNF:3
FNH:3
FNDA:9,getExistingAuthUserByEmail
FNDA:6,createAuthUserIfNotExists
FNDA:2,createAdminUser
DA:1,1
DA:2,9
DA:3,9
DA:4,9
DA:5,9
DA:6,9
DA:7,2
DA:8,9
DA:9,7
DA:10,1
DA:11,1
DA:12,7
DA:13,6
DA:14,6
DA:16,1
DA:17,6
DA:18,6
DA:19,6
DA:20,6
DA:21,6
DA:22,6
DA:24,6
DA:26,6
DA:27,1
DA:28,1
DA:29,1
DA:30,1
DA:32,1
DA:33,6
DA:35,5
DA:36,4
DA:37,1
DA:38,1
DA:41,5
DA:42,5
DA:43,5
DA:44,5
DA:45,5
DA:47,4
DA:48,4
DA:49,4
DA:50,4
DA:52,4
DA:53,4
DA:54,6
DA:56,1
DA:57,2
DA:58,2
DA:59,2
DA:60,2
DA:61,2
DA:62,2
DA:63,2
DA:64,2
DA:65,2
DA:66,2
DA:67,2
DA:68,2
DA:69,2
DA:70,2
DA:72,1
DA:73,1
DA:74,1
DA:75,1
DA:76,1
DA:77,1
DA:79,1
DA:80,1
DA:81,1
DA:82,1
DA:83,1
DA:84,1
DA:85,1
DA:86,2
LF:74
LH:74
BRDA:1,0,0,9
BRDA:6,1,0,2
BRDA:8,2,0,7
BRDA:9,3,0,1
BRDA:12,4,0,6
BRDA:16,5,0,6
BRDA:26,6,0,1
BRDA:33,7,0,5
BRDA:35,8,0,4
BRDA:36,9,0,1
BRDA:42,10,0,1
BRDA:45,11,0,4
BRDA:56,12,0,2
BRDA:70,13,0,1
BRF:14
BRH:14
end_of_record
TN:
SF:src/setup.ts
FN:3,setupData
FNF:1
FNH:1
FNDA:9,setupData
DA:1,1
DA:3,1
DA:4,9
DA:5,9
DA:6,9
DA:7,9
DA:8,9
DA:9,9
DA:10,9
DA:11,1
DA:12,1
DA:13,1
DA:15,8
DA:16,9
DA:18,9
DA:19,9
DA:20,7
DA:21,7
DA:23,7
DA:24,2
DA:25,2
DA:26,2
DA:28,5
DA:29,5
DA:31,4
DA:32,7
DA:33,1
DA:34,1
DA:35,1
DA:38,4
DA:39,4
DA:40,4
DA:41,4
DA:42,4
DA:43,7
DA:44,1
DA:45,1
DA:46,1
DA:47,1
DA:48,9
DA:49,5
DA:50,9
DA:51,8
LF:43
LH:43
BRDA:3,0,0,9
BRDA:9,1,0,8
BRDA:10,2,0,1
BRDA:13,3,0,8
BRDA:16,4,0,7
BRDA:16,5,0,2
BRDA:19,6,0,7
BRDA:21,7,0,1
BRDA:21,8,0,6
BRDA:21,9,0,5
BRDA:23,10,0,2
BRDA:26,11,0,5
BRDA:29,12,0,4
BRDA:32,13,0,1
BRDA:35,14,0,4
BRDA:42,15,0,3
BRDA:43,16,0,1
BRDA:48,17,0,5
BRDA:50,18,0,8
BRF:19
BRH:19
end_of_record
